#
# A fatal error has been detected by the Java Runtime Environment:
#
#  EXCEPTION_ACCESS_VIOLATION (0xc0000005) at pc=0x6d8bd3a2, pid=9612, tid=10168
#
# JRE version: 6.0_26-b03
# Java VM: Java HotSpot(TM) Client VM (20.1-b02 mixed mode windows-x86 )
# Problematic frame:
# V  [jvm.dll+0x1d3a2]
#
# If you would like to submit a bug report, please visit:
#   http://java.sun.com/webapps/bugreport/crash.jsp
#

---------------  T H R E A D  ---------------

Current thread (0x016d0c00):  JavaThread "JDWP Transport Listener: dt_socket" daemon [_thread_in_vm, id=10168, stack(0x17990000,0x179e0000)]

siginfo: ExceptionCode=0xc0000005, reading address 0x00000004

Registers:
EAX=0x00000000, EBX=0x016d0c00, ECX=0x00000000, EDX=0x00000000
ESP=0x179dfc54, EBP=0x179dfc58, ESI=0x00000010, EDI=0x0374fe10
EIP=0x6d8bd3a2, EFLAGS=0x00010246

Top of Stack: (sp=0x179dfc54)
0x179dfc54:   016d0d28 179dfc80 6d9333a2 0374fe10
0x179dfc64:   6d43e10c 016d0d28 6d43e124 016d0c00
0x179dfc74:   00000000 016d0d28 179dfe54 6d43e94c
0x179dfc84:   6d4262bd 016d0d28 016e3174 00000000
0x179dfc94:   179dfcb8 179dfe54 6d442b0a 179dfe54
0x179dfca4:   016e3174 179dfe24 6d42ba32 179dfe24
0x179dfcb4:   179dfcc4 6d43e840 6d2b4014 6d442be0
0x179dfcc4:   179dfcf4 0000012c 179dfcd0 00000000 

Instructions: (pc=0x6d8bd3a2)
0x6d8bd382:   ec 8b 45 08 8b 0d 0c 27 b1 6d 8b 15 08 27 b1 6d
0x6d8bd392:   8b 0c 01 8b 14 02 56 8b 35 04 27 b1 6d 8b 04 06
0x6d8bd3a2:   8b 71 04 8b 76 0c 81 e6 00 ff 00 00 81 fe 00 05
0x6d8bd3b2:   00 00 5e 75 20 85 c0 75 0e 33 c9 50 51 e8 3c 48 


Register to memory mapping:

EAX=0x00000000 is an unknown value
EBX=0x016d0c00 is a thread
ECX=0x00000000 is an unknown value
EDX=0x00000000 is an unknown value
ESP=0x179dfc54 is pointing into the stack for thread: 0x016d0c00
EBP=0x179dfc58 is pointing into the stack for thread: 0x016d0c00
ESI=0x00000010 is an unknown value
EDI=
[error occurred during error reporting (printing register info), id 0xc0000005]

Stack: [0x17990000,0x179e0000],  sp=0x179dfc54,  free space=319k
Native frames: (J=compiled Java code, j=interpreted, Vv=VM code, C=native code)
V  [jvm.dll+0x1d3a2]
V  [jvm.dll+0x933a2]


---------------  P R O C E S S  ---------------

Java Threads: ( => current thread )
  0x016ec400 JavaThread "Low Memory Detector" daemon [_thread_blocked, id=12872, stack(0x17bc0000,0x17c10000)]
  0x016df400 JavaThread "C1 CompilerThread0" daemon [_thread_blocked, id=10132, stack(0x17b40000,0x17b90000)]
  0x016d6800 JavaThread "JDWP Command Reader" daemon [_thread_in_native, id=4640, stack(0x17af0000,0x17b40000)]
  0x016d6400 JavaThread "JDWP Event Helper Thread" daemon [_thread_blocked, id=8608, stack(0x179e0000,0x17a30000)]
=>0x016d0c00 JavaThread "JDWP Transport Listener: dt_socket" daemon [_thread_in_vm, id=10168, stack(0x17990000,0x179e0000)]
  0x016bd000 JavaThread "Attach Listener" daemon [_thread_blocked, id=10048, stack(0x178f0000,0x17940000)]
  0x016ba000 JavaThread "Signal Dispatcher" daemon [_thread_blocked, id=8100, stack(0x178a0000,0x178f0000)]
  0x01690c00 JavaThread "Finalizer" daemon [_thread_blocked, id=9000, stack(0x17850000,0x178a0000)]
  0x0168c400 JavaThread "Reference Handler" daemon [_thread_blocked, id=13480, stack(0x17800000,0x17850000)]
  0x014fa800 JavaThread "main" [_thread_blocked, id=9912, stack(0x00130000,0x00180000)]

Other Threads:
  0x01688000 VMThread [stack: 0x177b0000,0x17800000] [id=13288]
  0x016f5400 WatcherThread [stack: 0x17c10000,0x17c60000] [id=3704]

VM state:not at safepoint (normal execution)

VM Mutex/Monitor currently owned by a thread: None

Heap
 def new generation   total 4928K, used 369K [0x03700000, 0x03c50000, 0x08c50000)
  eden space 4416K,   8% used [0x03700000, 0x0375c660, 0x03b50000)
  from space 512K,   0% used [0x03b50000, 0x03b50000, 0x03bd0000)
  to   space 512K,   0% used [0x03bd0000, 0x03bd0000, 0x03c50000)
 tenured generation   total 10944K, used 0K [0x08c50000, 0x09700000, 0x13700000)
   the space 10944K,   0% used [0x08c50000, 0x08c50000, 0x08c50200, 0x09700000)
 compacting perm gen  total 12288K, used 1773K [0x13700000, 0x14300000, 0x17700000)
   the space 12288K,  14% used [0x13700000, 0x138bb5a8, 0x138bb600, 0x14300000)
No shared spaces configured.

Code Cache  [0x01700000, 0x01770000, 0x03700000)
 total_blobs=117 nmethods=4 adapters=58 free_code_cache=33107712 largest_free_block=0

Dynamic libraries:
0x00400000 - 0x00424000 	C:\Program Files\Java\jdk1.6.0_26\bin\javaw.exe
0x77200000 - 0x7733c000 	C:\Windows\SYSTEM32\ntdll.dll
0x75650000 - 0x75724000 	C:\Windows\system32\kernel32.dll
0x753d0000 - 0x7541a000 	C:\Windows\system32\KERNELBASE.dll
0x76c80000 - 0x76d20000 	C:\Windows\system32\ADVAPI32.dll
0x76f30000 - 0x76fdc000 	C:\Windows\system32\msvcrt.dll
0x76d20000 - 0x76d39000 	C:\Windows\SYSTEM32\sechost.dll
0x75800000 - 0x758a1000 	C:\Windows\system32\RPCRT4.dll
0x75730000 - 0x757f9000 	C:\Windows\system32\USER32.dll
0x758b0000 - 0x758fe000 	C:\Windows\system32\GDI32.dll
0x773d0000 - 0x773da000 	C:\Windows\system32\LPK.dll
0x76fe0000 - 0x7707d000 	C:\Windows\system32\USP10.dll
0x77350000 - 0x7736f000 	C:\Windows\system32\IMM32.DLL
0x75e70000 - 0x75f3c000 	C:\Windows\system32\MSCTF.dll
0x7c340000 - 0x7c396000 	C:\Program Files\Java\jdk1.6.0_26\jre\bin\msvcr71.dll
0x6d8a0000 - 0x6db4f000 	C:\Program Files\Java\jdk1.6.0_26\jre\bin\client\jvm.dll
0x73370000 - 0x733a2000 	C:\Windows\system32\WINMM.dll
0x752f0000 - 0x7533c000 	C:\Windows\system32\apphelp.dll
0x6d850000 - 0x6d85c000 	C:\Program Files\Java\jdk1.6.0_26\jre\bin\verify.dll
0x6d3d0000 - 0x6d3ef000 	C:\Program Files\Java\jdk1.6.0_26\jre\bin\java.dll
0x77340000 - 0x77345000 	C:\Windows\system32\PSAPI.DLL
0x6d420000 - 0x6d44a000 	C:\Program Files\Java\jdk1.6.0_26\jre\bin\jdwp.dll
0x6d740000 - 0x6d746000 	C:\Program Files\Java\jdk1.6.0_26\jre\bin\npt.dll
0x6d890000 - 0x6d89f000 	C:\Program Files\Java\jdk1.6.0_26\jre\bin\zip.dll
0x6d2b0000 - 0x6d2b7000 	C:\Program Files\Java\jdk1.6.0_26\jre\bin\dt_socket.dll
0x76c40000 - 0x76c75000 	C:\Windows\system32\WS2_32.dll
0x75f40000 - 0x75f46000 	C:\Windows\system32\NSI.dll
0x73a80000 - 0x73a90000 	C:\Windows\system32\NLAapi.dll
0x6fe20000 - 0x6fe30000 	C:\Windows\system32\napinsp.dll
0x6fe00000 - 0x6fe12000 	C:\Windows\system32\pnrpnsp.dll
0x6fdd0000 - 0x6fdf1000 	C:\Program Files\Bonjour\mdnsNSP.dll
0x72a00000 - 0x72a1c000 	C:\Windows\system32\Iphlpapi.DLL
0x729f0000 - 0x729f7000 	C:\Windows\system32\WINNSI.DLL
0x74d60000 - 0x74d9c000 	C:\Windows\System32\mswsock.dll
0x74bb0000 - 0x74bf4000 	C:\Windows\system32\DNSAPI.dll
0x6fdc0000 - 0x6fdc8000 	C:\Windows\System32\winrnr.dll
0x727a0000 - 0x727d8000 	C:\Windows\System32\fwpuclnt.dll
0x6fc50000 - 0x6fc56000 	C:\Windows\system32\rasadhlp.dll
0x748d0000 - 0x748d5000 	C:\Windows\System32\wshtcpip.dll

VM Arguments:
jvm_args: -agentlib:jdwp=transport=dt_socket,suspend=y,address=localhost:52586 -Dfile.encoding=Cp1252 
java_command: CryptoClass.week1.ManyTimePad
Launcher Type: SUN_STANDARD

Environment Variables:
JAVA_HOME=C:\Program Files\Java\jdk1.6.0_26
CLASSPATH=.;C:\MinGW\bin;C:\Program Files\Java\jre1.6.0_26\lib\ext\QTJava.zip
PATH=C:\Program Files\Java\jdk1.6.0_26\jre\bin;C:/Program Files/Java/jdk1.6.0_26/bin/../jre/bin/client;C:/Program Files/Java/jdk1.6.0_26/bin/../jre/bin;C:/Program Files/Java/jdk1.6.0_26/bin/../jre/lib/i386;C:\Program Files\Java\jdk1.6.0_26\bin;C:\Windows\system32;C:\Windows;C:\Windows\System32\Wbem;C:\Windows\System32\WindowsPowerShell\v1.0\;C:\Program Files\Enterprise Vault\EVClient\;C:\Program Files\ATI Technologies\ATI.ACE\Core-Static;C:\Program Files\Git\cmd;C:\Program Files\Apache\apache-ant-1.8.2\bin;C:\Program Files\Apache\apache-maven-3.0.3\bin;C:\Program Files\IBM\Personal Communications\;C:\Program Files\IBM\Trace Facility\;c:\Program Files\Microsoft SQL Server\100\Tools\Binn\;c:\Program Files\Microsoft SQL Server\100\DTS\Binn\;c:\Program Files\Microsoft SQL Server\100\Tools\Binn\VSShell\Common7\IDE\;C:\Program Files\QuickTime\QTSystem\;C:\Program Files\Apache\apache-maven-2.2.1\bin;C:\Program Files\MySQL\MySQL Server 5.0\bin;C:\Program Files\PSTools;C:\MinGW\bin;C:\Program Files\Palm\PDK\bin;C:\Program Files\Palm\SDK\bin;C:\Program Files\Palm\SDK\bin\novacom;C:\Program Files\Eclipse\HeliosJ2EE\eclipse;
USERNAME=rx342p
OS=Windows_NT
PROCESSOR_IDENTIFIER=x86 Family 16 Model 6 Stepping 2, AuthenticAMD



---------------  S Y S T E M  ---------------

OS: Windows 7 Build 7601 Service Pack 1

CPU:total 2 (2 cores per cpu, 1 threads per core) family 16 model 6 stepping 2, cmov, cx8, fxsr, mmx, sse, sse2, sse3, popcnt, mmxext, 3dnow, 3dnowext, lzcnt, sse4a

Memory: 4k page, physical 3145060k(1246276k free), swap 6288364k(3632492k free)

vm_info: Java HotSpot(TM) Client VM (20.1-b02) for windows-x86 JRE (1.6.0_26-b03), built on May  4 2011 00:50:59 by "java_re" with MS VC++ 7.1 (VS2003)

time: Wed May 02 09:12:44 2012
elapsed time: 127 seconds

