#
# A fatal error has been detected by the Java Runtime Environment:
#
#  EXCEPTION_ACCESS_VIOLATION (0xc0000005) at pc=0x6d94a23b, pid=8048, tid=9272
#
# JRE version: 6.0_26-b03
# Java VM: Java HotSpot(TM) Client VM (20.1-b02 mixed mode windows-x86 )
# Problematic frame:
# V  [jvm.dll+0xaa23b]
#
# If you would like to submit a bug report, please visit:
#   http://java.sun.com/webapps/bugreport/crash.jsp
#

---------------  T H R E A D  ---------------

Current thread (0x01c59000):  JavaThread "JDWP Transport Listener: dt_socket" daemon [_thread_in_vm, id=9272, stack(0x17df0000,0x17e40000)]

siginfo: ExceptionCode=0xc0000005, reading address 0x2a247472

Registers:
EAX=0x2a247472, EBX=0x00000000, ECX=0x000071ee, EDX=0x00000000
ESP=0x17e3fa14, EBP=0x17e3fa18, ESI=0x01c59000, EDI=0x01b87260
EIP=0x6d94a23b, EFLAGS=0x00010206

Top of Stack: (sp=0x17e3fa14)
0x17e3fa14:   01c59000 17e3fa40 6da383d2 2a247472
0x17e3fa24:   17e3fac4 17e3fa7b 01c59000 00000000
0x17e3fa34:   00000000 00000000 01c59000 17e3fa7c
0x17e3fa44:   6d439770 01b87260 2a247472 17e3fa7b
0x17e3fa54:   2a247472 6d4242c9 2a247472 17e3fa7b
0x17e3fa64:   00000007 00000000 00000000 0000000a
0x17e3fa74:   00000000 00e3fa9c 17e3fa9c 6d424434
0x17e3fa84:   00000001 17e3fab8 17e3fc54 6d442b02 

Instructions: (pc=0x6d94a23b)
0x6d94a21b:   4e 10 89 4f 0c 5f 5e 5d c2 0c 00 cc cc cc cc cc
0x6d94a22b:   cc cc cc cc cc 55 8b ec 8b 45 08 85 c0 56 74 25
0x6d94a23b:   8b 30 85 f6 74 1f 81 fe fe fe fe fe 74 17 8b 46
0x6d94a24b:   04 8d 48 08 8b 01 ff 90 90 00 00 00 84 c0 74 05 


Register to memory mapping:

EAX=0x2a247472 is an unknown value
EBX=0x00000000 is an unknown value
ECX=0x000071ee is an unknown value
EDX=0x00000000 is an unknown value
ESP=0x17e3fa14 is pointing into the stack for thread: 0x01c59000
EBP=0x17e3fa18 is pointing into the stack for thread: 0x01c59000
ESI=0x01c59000 is a thread
EDI=0x01b87260 is an unknown value


Stack: [0x17df0000,0x17e40000],  sp=0x17e3fa14,  free space=318k
Native frames: (J=compiled Java code, j=interpreted, Vv=VM code, C=native code)
V  [jvm.dll+0xaa23b]
V  [jvm.dll+0x1983d2]
C  [jdwp.dll+0x19770]  Agent_OnLoad+0xe6e5
C  [jdwp.dll+0x4434]
C  [jdwp.dll+0x4472]
C  [jdwp.dll+0x17d55]  Agent_OnLoad+0xccca
V  [jvm.dll+0x1411ac]
C  [msvcr71.dll+0x9565]  endthreadex+0xa0
C  [kernel32.dll+0x51114]  BaseThreadInitThunk+0x12
C  [ntdll.dll+0x5b299]  RtlInitializeExceptionChain+0x63
C  [ntdll.dll+0x5b26c]  RtlInitializeExceptionChain+0x36


---------------  P R O C E S S  ---------------

Java Threads: ( => current thread )
  0x01c6b800 JavaThread "Low Memory Detector" daemon [_thread_blocked, id=3368, stack(0x17f90000,0x17fe0000)]
  0x01c6dc00 JavaThread "C1 CompilerThread0" daemon [_thread_blocked, id=9824, stack(0x17f40000,0x17f90000)]
  0x01c5c000 JavaThread "JDWP Command Reader" daemon [_thread_in_native, id=5064, stack(0x17eb0000,0x17f00000)]
  0x01c5b000 JavaThread "JDWP Event Helper Thread" daemon [_thread_blocked, id=3220, stack(0x17e60000,0x17eb0000)]
=>0x01c59000 JavaThread "JDWP Transport Listener: dt_socket" daemon [_thread_in_vm, id=9272, stack(0x17df0000,0x17e40000)]
  0x01c4d000 JavaThread "Attach Listener" daemon [_thread_blocked, id=8796, stack(0x17d30000,0x17d80000)]
  0x01c4a000 JavaThread "Signal Dispatcher" daemon [_thread_blocked, id=6672, stack(0x17ce0000,0x17d30000)]
  0x01c21000 JavaThread "Finalizer" daemon [_thread_blocked, id=2760, stack(0x17c90000,0x17ce0000)]
  0x01c1c400 JavaThread "Reference Handler" daemon [_thread_blocked, id=6768, stack(0x01b30000,0x01b80000)]
  0x01b89c00 JavaThread "main" [_thread_blocked, id=10016, stack(0x002a0000,0x002f0000)]

Other Threads:
  0x01c17c00 VMThread [stack: 0x01ae0000,0x01b30000] [id=8940]
  0x01c7bc00 WatcherThread [stack: 0x17fe0000,0x18030000] [id=2328]

VM state:not at safepoint (normal execution)

VM Mutex/Monitor currently owned by a thread: None

Heap
 def new generation   total 4928K, used 369K [0x03c90000, 0x041e0000, 0x091e0000)
  eden space 4416K,   8% used [0x03c90000, 0x03cec5e8, 0x040e0000)
  from space 512K,   0% used [0x040e0000, 0x040e0000, 0x04160000)
  to   space 512K,   0% used [0x04160000, 0x04160000, 0x041e0000)
 tenured generation   total 10944K, used 0K [0x091e0000, 0x09c90000, 0x13c90000)
   the space 10944K,   0% used [0x091e0000, 0x091e0000, 0x091e0200, 0x09c90000)
 compacting perm gen  total 12288K, used 1761K [0x13c90000, 0x14890000, 0x17c90000)
   the space 12288K,  14% used [0x13c90000, 0x13e484c0, 0x13e48600, 0x14890000)
No shared spaces configured.

Code Cache  [0x01c90000, 0x01d00000, 0x03c90000)
 total_blobs=117 nmethods=4 adapters=58 free_code_cache=33107712 largest_free_block=0

Dynamic libraries:
0x00400000 - 0x00424000 	C:\Program Files\Java\jdk1.6.0_26\bin\javaw.exe
0x777a0000 - 0x778dc000 	C:\Windows\SYSTEM32\ntdll.dll
0x769f0000 - 0x76ac4000 	C:\Windows\system32\kernel32.dll
0x759a0000 - 0x759ea000 	C:\Windows\system32\KERNELBASE.dll
0x76280000 - 0x76320000 	C:\Windows\system32\ADVAPI32.dll
0x75d90000 - 0x75e3c000 	C:\Windows\system32\msvcrt.dll
0x766d0000 - 0x766e9000 	C:\Windows\SYSTEM32\sechost.dll
0x75f40000 - 0x75fe1000 	C:\Windows\system32\RPCRT4.dll
0x77900000 - 0x779c9000 	C:\Windows\system32\USER32.dll
0x764d0000 - 0x7651e000 	C:\Windows\system32\GDI32.dll
0x778f0000 - 0x778fa000 	C:\Windows\system32\LPK.dll
0x765a0000 - 0x7663d000 	C:\Windows\system32\USP10.dll
0x76520000 - 0x7653f000 	C:\Windows\system32\IMM32.DLL
0x76920000 - 0x769ec000 	C:\Windows\system32\MSCTF.dll
0x7c340000 - 0x7c396000 	C:\Program Files\Java\jdk1.6.0_26\jre\bin\msvcr71.dll
0x6d8a0000 - 0x6db4f000 	C:\Program Files\Java\jdk1.6.0_26\jre\bin\client\jvm.dll
0x73ab0000 - 0x73ae2000 	C:\Windows\system32\WINMM.dll
0x757f0000 - 0x7583b000 	C:\Windows\system32\apphelp.dll
0x6d850000 - 0x6d85c000 	C:\Program Files\Java\jdk1.6.0_26\jre\bin\verify.dll
0x6d3d0000 - 0x6d3ef000 	C:\Program Files\Java\jdk1.6.0_26\jre\bin\java.dll
0x76540000 - 0x76545000 	C:\Windows\system32\PSAPI.DLL
0x6d420000 - 0x6d44a000 	C:\Program Files\Java\jdk1.6.0_26\jre\bin\jdwp.dll
0x6d740000 - 0x6d746000 	C:\Program Files\Java\jdk1.6.0_26\jre\bin\npt.dll
0x6d890000 - 0x6d89f000 	C:\Program Files\Java\jdk1.6.0_26\jre\bin\zip.dll
0x6d2b0000 - 0x6d2b7000 	C:\Program Files\Java\jdk1.6.0_26\jre\bin\dt_socket.dll
0x768e0000 - 0x76915000 	C:\Windows\system32\WS2_32.dll
0x764c0000 - 0x764c6000 	C:\Windows\system32\NSI.dll
0x73c50000 - 0x73c60000 	C:\Windows\system32\NLAapi.dll
0x75330000 - 0x7536c000 	C:\Windows\System32\mswsock.dll
0x751f0000 - 0x75234000 	C:\Windows\system32\DNSAPI.dll
0x724e0000 - 0x724e8000 	C:\Windows\System32\winrnr.dll
0x724d0000 - 0x724e0000 	C:\Windows\system32\napinsp.dll
0x72490000 - 0x724a2000 	C:\Windows\system32\pnrpnsp.dll
0x72a00000 - 0x72a21000 	C:\Program Files\Bonjour\mdnsNSP.dll
0x72fa0000 - 0x72fbc000 	C:\Windows\system32\Iphlpapi.DLL
0x72f80000 - 0x72f87000 	C:\Windows\system32\WINNSI.DLL
0x72d40000 - 0x72d78000 	C:\Windows\System32\fwpuclnt.dll
0x729f0000 - 0x729f6000 	C:\Windows\system32\rasadhlp.dll
0x74e70000 - 0x74e75000 	C:\Windows\System32\wshtcpip.dll

VM Arguments:
jvm_args: -agentlib:jdwp=transport=dt_socket,suspend=y,address=localhost:64194 -Dfile.encoding=Cp1252 
java_command: AlgoClass.QuickSort
Launcher Type: SUN_STANDARD

Environment Variables:
JAVA_HOME=C:\Program Files\Java\jdk1.6.0_26
CLASSPATH=.;C:\MinGW\bin;C:\Program Files\Java\jre1.6.0_26\lib\ext\QTJava.zip
PATH=C:\Program Files\Java\jdk1.6.0_26\jre\bin;C:/Program Files/Java/jdk1.6.0_26/bin/../jre/bin/client;C:/Program Files/Java/jdk1.6.0_26/bin/../jre/bin;C:/Program Files/Java/jdk1.6.0_26/bin/../jre/lib/i386;C:\Program Files\Java\jdk1.6.0_26\bin;C:\Windows\system32;C:\Windows;C:\Windows\System32\Wbem;C:\Windows\System32\WindowsPowerShell\v1.0\;C:\Program Files\Enterprise Vault\EVClient\;C:\Program Files\ATI Technologies\ATI.ACE\Core-Static;C:\Program Files\Git\cmd;C:\Program Files\Apache\apache-ant-1.8.2\bin;C:\Program Files\Apache\apache-maven-3.0.3\bin;C:\Program Files\IBM\Personal Communications\;C:\Program Files\IBM\Trace Facility\;c:\Program Files\Microsoft SQL Server\100\Tools\Binn\;c:\Program Files\Microsoft SQL Server\100\DTS\Binn\;c:\Program Files\Microsoft SQL Server\100\Tools\Binn\VSShell\Common7\IDE\;C:\Program Files\QuickTime\QTSystem\;C:\Program Files\Apache\apache-maven-2.2.1\bin;C:\Program Files\MySQL\MySQL Server 5.0\bin;C:\MinGW\bin;C:\Program Files\Palm\PDK\bin;C:\Program Files\Palm\SDK\bin;C:\Program Files\Palm\SDK\bin\novacom;C:\Program Files\Eclipse\HeliosJ2EE\eclipse;
USERNAME=rx342p
OS=Windows_NT
PROCESSOR_IDENTIFIER=x86 Family 16 Model 6 Stepping 2, AuthenticAMD



---------------  S Y S T E M  ---------------

OS: Windows 7 Build 7600 

CPU:total 2 (2 cores per cpu, 1 threads per core) family 16 model 6 stepping 2, cmov, cx8, fxsr, mmx, sse, sse2, sse3, popcnt, mmxext, 3dnow, 3dnowext, lzcnt, sse4a

Memory: 4k page, physical 3145060k(1146228k free), swap 6288356k(2723228k free)

vm_info: Java HotSpot(TM) Client VM (20.1-b02) for windows-x86 JRE (1.6.0_26-b03), built on May  4 2011 00:50:59 by "java_re" with MS VC++ 7.1 (VS2003)

time: Mon Apr 02 16:24:16 2012
elapsed time: 2009 seconds

